Analysis & Synthesis report for pa_synthesizer
Fri Sep 25 14:54:42 2015
Quartus II 64-Bit Version 14.0.0 Build 200 06/17/2014 SJ Full Version


---------------------
; Table of Contents ;
---------------------
  1. Legal Notice
  2. Analysis & Synthesis Summary
  3. Analysis & Synthesis Settings
  4. Parallel Compilation
  5. Analysis & Synthesis Source Files Read
  6. Analysis & Synthesis Resource Usage Summary
  7. Analysis & Synthesis Resource Utilization by Entity
  8. General Register Statistics
  9. Post-Synthesis Netlist Statistics for Top Partition
 10. Elapsed Time Per Partition
 11. Analysis & Synthesis Messages



----------------
; Legal Notice ;
----------------
Copyright (C) 1991-2014 Altera Corporation. All rights reserved.
Your use of Altera Corporation's design tools, logic functions 
and other software and tools, and its AMPP partner logic 
functions, and any output files from any of the foregoing 
(including device programming or simulation files), and any 
associated documentation or information are expressly subject 
to the terms and conditions of the Altera Program License 
Subscription Agreement, the Altera Quartus II License Agreement,
the Altera MegaCore Function License Agreement, or other 
applicable license agreement, including, without limitation, 
that your use is for the sole purpose of programming logic 
devices manufactured by Altera and sold by Altera or its 
authorized distributors.  Please refer to the applicable 
agreement for further details.



+----------------------------------------------------------------------------------+
; Analysis & Synthesis Summary                                                     ;
+------------------------------------+---------------------------------------------+
; Analysis & Synthesis Status        ; Successful - Fri Sep 25 14:54:41 2015       ;
; Quartus II 64-Bit Version          ; 14.0.0 Build 200 06/17/2014 SJ Full Version ;
; Revision Name                      ; pa_synthesizer                              ;
; Top-level Entity Name              ; top_counter_verification                    ;
; Family                             ; Cyclone IV E                                ;
; Total logic elements               ; 11                                          ;
;     Total combinational functions  ; 11                                          ;
;     Dedicated logic registers      ; 8                                           ;
; Total registers                    ; 8                                           ;
; Total pins                         ; 4                                           ;
; Total virtual pins                 ; 0                                           ;
; Total memory bits                  ; 0                                           ;
; Embedded Multiplier 9-bit elements ; 0                                           ;
; Total PLLs                         ; 0                                           ;
+------------------------------------+---------------------------------------------+


+----------------------------------------------------------------------------------------------------------------------------+
; Analysis & Synthesis Settings                                                                                              ;
+----------------------------------------------------------------------------+--------------------------+--------------------+
; Option                                                                     ; Setting                  ; Default Value      ;
+----------------------------------------------------------------------------+--------------------------+--------------------+
; Device                                                                     ; EP4CE115F29C7            ;                    ;
; Top-level entity name                                                      ; top_counter_verification ; pa_synthesizer     ;
; Family name                                                                ; Cyclone IV E             ; Cyclone IV GX      ;
; Use smart compilation                                                      ; Off                      ; Off                ;
; Enable parallel Assembler and TimeQuest Timing Analyzer during compilation ; On                       ; On                 ;
; Enable compact report table                                                ; Off                      ; Off                ;
; Restructure Multiplexers                                                   ; Auto                     ; Auto               ;
; Create Debugging Nodes for IP Cores                                        ; Off                      ; Off                ;
; Preserve fewer node names                                                  ; On                       ; On                 ;
; Disable OpenCore Plus hardware evaluation                                  ; Off                      ; Off                ;
; Verilog Version                                                            ; Verilog_2001             ; Verilog_2001       ;
; VHDL Version                                                               ; VHDL_1993                ; VHDL_1993          ;
; State Machine Processing                                                   ; Auto                     ; Auto               ;
; Safe State Machine                                                         ; Off                      ; Off                ;
; Extract Verilog State Machines                                             ; On                       ; On                 ;
; Extract VHDL State Machines                                                ; On                       ; On                 ;
; Ignore Verilog initial constructs                                          ; Off                      ; Off                ;
; Iteration limit for constant Verilog loops                                 ; 5000                     ; 5000               ;
; Iteration limit for non-constant Verilog loops                             ; 250                      ; 250                ;
; Add Pass-Through Logic to Inferred RAMs                                    ; On                       ; On                 ;
; Infer RAMs from Raw Logic                                                  ; On                       ; On                 ;
; Parallel Synthesis                                                         ; On                       ; On                 ;
; DSP Block Balancing                                                        ; Auto                     ; Auto               ;
; NOT Gate Push-Back                                                         ; On                       ; On                 ;
; Power-Up Don't Care                                                        ; On                       ; On                 ;
; Remove Redundant Logic Cells                                               ; Off                      ; Off                ;
; Remove Duplicate Registers                                                 ; On                       ; On                 ;
; Ignore CARRY Buffers                                                       ; Off                      ; Off                ;
; Ignore CASCADE Buffers                                                     ; Off                      ; Off                ;
; Ignore GLOBAL Buffers                                                      ; Off                      ; Off                ;
; Ignore ROW GLOBAL Buffers                                                  ; Off                      ; Off                ;
; Ignore LCELL Buffers                                                       ; Off                      ; Off                ;
; Ignore SOFT Buffers                                                        ; On                       ; On                 ;
; Limit AHDL Integers to 32 Bits                                             ; Off                      ; Off                ;
; Optimization Technique                                                     ; Balanced                 ; Balanced           ;
; Carry Chain Length                                                         ; 70                       ; 70                 ;
; Auto Carry Chains                                                          ; On                       ; On                 ;
; Auto Open-Drain Pins                                                       ; On                       ; On                 ;
; Perform WYSIWYG Primitive Resynthesis                                      ; Off                      ; Off                ;
; Auto ROM Replacement                                                       ; On                       ; On                 ;
; Auto RAM Replacement                                                       ; On                       ; On                 ;
; Auto DSP Block Replacement                                                 ; On                       ; On                 ;
; Auto Shift Register Replacement                                            ; Auto                     ; Auto               ;
; Allow Shift Register Merging across Hierarchies                            ; Auto                     ; Auto               ;
; Auto Clock Enable Replacement                                              ; On                       ; On                 ;
; Strict RAM Replacement                                                     ; Off                      ; Off                ;
; Allow Synchronous Control Signals                                          ; On                       ; On                 ;
; Force Use of Synchronous Clear Signals                                     ; Off                      ; Off                ;
; Auto RAM Block Balancing                                                   ; On                       ; On                 ;
; Auto RAM to Logic Cell Conversion                                          ; Off                      ; Off                ;
; Auto Resource Sharing                                                      ; Off                      ; Off                ;
; Allow Any RAM Size For Recognition                                         ; Off                      ; Off                ;
; Allow Any ROM Size For Recognition                                         ; Off                      ; Off                ;
; Allow Any Shift Register Size For Recognition                              ; Off                      ; Off                ;
; Use LogicLock Constraints during Resource Balancing                        ; On                       ; On                 ;
; Ignore translate_off and synthesis_off directives                          ; Off                      ; Off                ;
; Timing-Driven Synthesis                                                    ; On                       ; On                 ;
; Report Parameter Settings                                                  ; On                       ; On                 ;
; Report Source Assignments                                                  ; On                       ; On                 ;
; Report Connectivity Checks                                                 ; On                       ; On                 ;
; Ignore Maximum Fan-Out Assignments                                         ; Off                      ; Off                ;
; Synchronization Register Chain Length                                      ; 2                        ; 2                  ;
; PowerPlay Power Optimization                                               ; Normal compilation       ; Normal compilation ;
; HDL message level                                                          ; Level2                   ; Level2             ;
; Suppress Register Optimization Related Messages                            ; Off                      ; Off                ;
; Number of Removed Registers Reported in Synthesis Report                   ; 5000                     ; 5000               ;
; Number of Swept Nodes Reported in Synthesis Report                         ; 5000                     ; 5000               ;
; Number of Inverted Registers Reported in Synthesis Report                  ; 100                      ; 100                ;
; Clock MUX Protection                                                       ; On                       ; On                 ;
; Auto Gated Clock Conversion                                                ; Off                      ; Off                ;
; Block Design Naming                                                        ; Auto                     ; Auto               ;
; SDC constraint protection                                                  ; Off                      ; Off                ;
; Synthesis Effort                                                           ; Auto                     ; Auto               ;
; Shift Register Replacement - Allow Asynchronous Clear Signal               ; On                       ; On                 ;
; Pre-Mapping Resynthesis Optimization                                       ; Off                      ; Off                ;
; Analysis & Synthesis Message Level                                         ; Medium                   ; Medium             ;
; Disable Register Merging Across Hierarchies                                ; Auto                     ; Auto               ;
; Resource Aware Inference For Block RAM                                     ; On                       ; On                 ;
; Synthesis Seed                                                             ; 1                        ; 1                  ;
+----------------------------------------------------------------------------+--------------------------+--------------------+


+------------------------------------------+
; Parallel Compilation                     ;
+----------------------------+-------------+
; Processors                 ; Number      ;
+----------------------------+-------------+
; Number detected on machine ; 4           ;
; Maximum allowed            ; 2           ;
;                            ;             ;
; Average used               ; 1.00        ;
; Maximum used               ; 1           ;
;                            ;             ;
; Usage by Processor         ; % Time Used ;
;     Processor 1            ; 100.0%      ;
;     Processors 2-4         ;   0.0%      ;
+----------------------------+-------------+


+-------------------------------------------------------------------------------------------------------------------------------------------------------------------------------------------------+
; Analysis & Synthesis Source Files Read                                                                                                                                                          ;
+--------------------------------------+-----------------+-----------------+------------------------------------------------------------------------------------------------------------+---------+
; File Name with User-Entered Path     ; Used in Netlist ; File Type       ; File Name with Absolute Path                                                                               ; Library ;
+--------------------------------------+-----------------+-----------------+------------------------------------------------------------------------------------------------------------+---------+
; ../vhdl/counter.vhd                  ; yes             ; User VHDL File  ; C:/Users/katrin/Documents/Dokumente/ZHAW/5Jahr/PA_synthesizer/Cyclone_IV/vhdl/counter.vhd                  ;         ;
; ../vhdl/top_counter_verification.vhd ; yes             ; User VHDL File  ; C:/Users/katrin/Documents/Dokumente/ZHAW/5Jahr/PA_synthesizer/Cyclone_IV/vhdl/top_counter_verification.vhd ;         ;
+--------------------------------------+-----------------+-----------------+------------------------------------------------------------------------------------------------------------+---------+


+-----------------------------------------------------------------------------+
; Analysis & Synthesis Resource Usage Summary                                 ;
+---------------------------------------------+-------------------------------+
; Resource                                    ; Usage                         ;
+---------------------------------------------+-------------------------------+
; Estimated Total logic elements              ; 11                            ;
;                                             ;                               ;
; Total combinational functions               ; 11                            ;
; Logic element usage by number of LUT inputs ;                               ;
;     -- 4 input functions                    ; 2                             ;
;     -- 3 input functions                    ; 1                             ;
;     -- <=2 input functions                  ; 8                             ;
;                                             ;                               ;
; Logic elements by mode                      ;                               ;
;     -- normal mode                          ; 5                             ;
;     -- arithmetic mode                      ; 6                             ;
;                                             ;                               ;
; Total registers                             ; 8                             ;
;     -- Dedicated logic registers            ; 8                             ;
;     -- I/O registers                        ; 0                             ;
;                                             ;                               ;
; I/O pins                                    ; 4                             ;
; Embedded Multiplier 9-bit elements          ; 0                             ;
; Maximum fan-out node                        ; counter:inst_counter|Equal0~2 ;
; Maximum fan-out                             ; 9                             ;
; Total fan-out                               ; 54                            ;
; Average fan-out                             ; 2.00                          ;
+---------------------------------------------+-------------------------------+


+--------------------------------------------------------------------------------------------------------------------------------------------------------------------------------------------------------+
; Analysis & Synthesis Resource Utilization by Entity                                                                                                                                                    ;
+----------------------------+-------------------+--------------+-------------+--------------+---------+-----------+------+--------------+------------------------------------------------+--------------+
; Compilation Hierarchy Node ; LC Combinationals ; LC Registers ; Memory Bits ; DSP Elements ; DSP 9x9 ; DSP 18x18 ; Pins ; Virtual Pins ; Full Hierarchy Name                            ; Library Name ;
+----------------------------+-------------------+--------------+-------------+--------------+---------+-----------+------+--------------+------------------------------------------------+--------------+
; |top_counter_verification  ; 11 (0)            ; 8 (0)        ; 0           ; 0            ; 0       ; 0         ; 4    ; 0            ; |top_counter_verification                      ; work         ;
;    |counter:inst_counter|  ; 11 (11)           ; 8 (8)        ; 0           ; 0            ; 0       ; 0         ; 0    ; 0            ; |top_counter_verification|counter:inst_counter ; work         ;
+----------------------------+-------------------+--------------+-------------+--------------+---------+-----------+------+--------------+------------------------------------------------+--------------+
Note: For table entries with two numbers listed, the numbers in parentheses indicate the number of resources of the given type used by the specific entity alone. The numbers listed outside of parentheses indicate the total resources of the given type used by the specific entity and all of its sub-entities in the hierarchy.


+------------------------------------------------------+
; General Register Statistics                          ;
+----------------------------------------------+-------+
; Statistic                                    ; Value ;
+----------------------------------------------+-------+
; Total registers                              ; 8     ;
; Number of registers using Synchronous Clear  ; 0     ;
; Number of registers using Synchronous Load   ; 0     ;
; Number of registers using Asynchronous Clear ; 8     ;
; Number of registers using Asynchronous Load  ; 0     ;
; Number of registers using Clock Enable       ; 0     ;
; Number of registers using Preset             ; 0     ;
+----------------------------------------------+-------+


+-----------------------------------------------------+
; Post-Synthesis Netlist Statistics for Top Partition ;
+-----------------------+-----------------------------+
; Type                  ; Count                       ;
+-----------------------+-----------------------------+
; boundary_port         ; 4                           ;
; cycloneiii_ff         ; 8                           ;
;     CLR               ; 8                           ;
; cycloneiii_lcell_comb ; 12                          ;
;     arith             ; 6                           ;
;         2 data inputs ; 5                           ;
;         3 data inputs ; 1                           ;
;     normal            ; 6                           ;
;         0 data inputs ; 1                           ;
;         1 data inputs ; 2                           ;
;         2 data inputs ; 1                           ;
;         4 data inputs ; 2                           ;
;                       ;                             ;
; Max LUT depth         ; 2.00                        ;
; Average LUT depth     ; 1.54                        ;
+-----------------------+-----------------------------+


+-------------------------------+
; Elapsed Time Per Partition    ;
+----------------+--------------+
; Partition Name ; Elapsed Time ;
+----------------+--------------+
; Top            ; 00:00:01     ;
+----------------+--------------+


+-------------------------------+
; Analysis & Synthesis Messages ;
+-------------------------------+
Info: *******************************************************************
Info: Running Quartus II 64-Bit Analysis & Synthesis
    Info: Version 14.0.0 Build 200 06/17/2014 SJ Full Version
    Info: Processing started: Fri Sep 25 14:54:34 2015
Info: Command: quartus_map --read_settings_files=on --write_settings_files=off pa_synthesizer -c pa_synthesizer
Info (11104): Parallel Compilation has detected 4 hyper-threaded processors. However, the extra hyper-threaded processors will not be used by default. Parallel Compilation will use 2 of the 2 physical processors detected instead.
Info (12021): Found 2 design units, including 1 entities, in source file /users/katrin/documents/dokumente/zhaw/5jahr/pa_synthesizer/cyclone_iv/vhdl/counter.vhd
    Info (12022): Found design unit 1: counter-rtl
    Info (12023): Found entity 1: counter
Info (12021): Found 2 design units, including 1 entities, in source file /users/katrin/documents/dokumente/zhaw/5jahr/pa_synthesizer/cyclone_iv/vhdl/top_counter_verification.vhd
    Info (12022): Found design unit 1: top_counter_verification-blocks
    Info (12023): Found entity 1: top_counter_verification
Info (12127): Elaborating entity "top_counter_verification" for the top level hierarchy
Info (12128): Elaborating entity "counter" for hierarchy "counter:inst_counter"
Warning (10541): VHDL Signal Declaration warning at counter.vhd(22): used implicit default value for signal "zero_out" because signal was never assigned a value or an explicit default value. Use of implicit default value may introduce unintended design optimizations.
Warning (10036): Verilog HDL or VHDL warning at counter.vhd(36): object "zero" assigned a value but never read
Warning (13024): Output pins are stuck at VCC or GND
    Warning (13410): Pin "GPIO_1" is stuck at GND
Info (286030): Timing-Driven Synthesis is running
Info (16010): Generating hard_block partition "hard_block:auto_generated_inst"
    Info (16011): Adding 0 node(s), including 0 DDIO, 0 PLL, 0 transceiver and 0 LCELL
Warning (21074): Design contains 1 input pin(s) that do not drive logic
    Warning (15610): No output dependent on input pin "KEY_0"
Info (21057): Implemented 15 device resources after synthesis - the final resource count might be different
    Info (21058): Implemented 2 input pins
    Info (21059): Implemented 2 output pins
    Info (21061): Implemented 11 logic cells
Info: Quartus II 64-Bit Analysis & Synthesis was successful. 0 errors, 8 warnings
    Info: Peak virtual memory: 571 megabytes
    Info: Processing ended: Fri Sep 25 14:54:42 2015
    Info: Elapsed time: 00:00:08
    Info: Total CPU time (on all processors): 00:00:07


