Flow report for pa_synthesizer
Fri Sep 25 14:55:45 2015
Quartus II 64-Bit Version 14.0.0 Build 200 06/17/2014 SJ Full Version


---------------------
; Table of Contents ;
---------------------
  1. Legal Notice
  2. Flow Summary
  3. Flow Settings
  4. Flow Non-Default Global Settings
  5. Flow Elapsed Time
  6. Flow OS Summary
  7. Flow Log
  8. Flow Messages
  9. Flow Suppressed Messages



----------------
; Legal Notice ;
----------------
Copyright (C) 1991-2014 Altera Corporation. All rights reserved.
Your use of Altera Corporation's design tools, logic functions 
and other software and tools, and its AMPP partner logic 
functions, and any output files from any of the foregoing 
(including device programming or simulation files), and any 
associated documentation or information are expressly subject 
to the terms and conditions of the Altera Program License 
Subscription Agreement, the Altera Quartus II License Agreement,
the Altera MegaCore Function License Agreement, or other 
applicable license agreement, including, without limitation, 
that your use is for the sole purpose of programming logic 
devices manufactured by Altera and sold by Altera or its 
authorized distributors.  Please refer to the applicable 
agreement for further details.



+----------------------------------------------------------------------------------+
; Flow Summary                                                                     ;
+------------------------------------+---------------------------------------------+
; Flow Status                        ; Successful - Fri Sep 25 14:55:45 2015       ;
; Quartus II 64-Bit Version          ; 14.0.0 Build 200 06/17/2014 SJ Full Version ;
; Revision Name                      ; pa_synthesizer                              ;
; Top-level Entity Name              ; top_counter_verification                    ;
; Family                             ; Cyclone IV E                                ;
; Device                             ; EP4CE115F29C7                               ;
; Timing Models                      ; Final                                       ;
; Total logic elements               ; 11 / 114,480 ( < 1 % )                      ;
;     Total combinational functions  ; 11 / 114,480 ( < 1 % )                      ;
;     Dedicated logic registers      ; 8 / 114,480 ( < 1 % )                       ;
; Total registers                    ; 8                                           ;
; Total pins                         ; 4 / 529 ( < 1 % )                           ;
; Total virtual pins                 ; 0                                           ;
; Total memory bits                  ; 0 / 3,981,312 ( 0 % )                       ;
; Embedded Multiplier 9-bit elements ; 0 / 532 ( 0 % )                             ;
; Total PLLs                         ; 0 / 4 ( 0 % )                               ;
+------------------------------------+---------------------------------------------+


+-----------------------------------------+
; Flow Settings                           ;
+-------------------+---------------------+
; Option            ; Setting             ;
+-------------------+---------------------+
; Start date & time ; 09/25/2015 14:54:36 ;
; Main task         ; Compilation         ;
; Revision Name     ; pa_synthesizer      ;
+-------------------+---------------------+


+------------------------------------------------------------------------------------------------------------------------------------+
; Flow Non-Default Global Settings                                                                                                   ;
+-------------------------------------+---------------------------------+----------------+--------------------------+----------------+
; Assignment Name                     ; Value                           ; Default Value  ; Entity Name              ; Section Id     ;
+-------------------------------------+---------------------------------+----------------+--------------------------+----------------+
; COMPILER_SIGNATURE_ID               ; 136865866760500.144318567609980 ; --             ; --                       ; --             ;
; EDA_OUTPUT_DATA_FORMAT              ; Vhdl                            ; --             ; --                       ; eda_simulation ;
; EDA_SIMULATION_TOOL                 ; QuestaSim (VHDL)                ; <None>         ; --                       ; --             ;
; EDA_TIME_SCALE                      ; 1 ps                            ; --             ; --                       ; eda_simulation ;
; MAX_CORE_JUNCTION_TEMP              ; 85                              ; --             ; --                       ; --             ;
; MIN_CORE_JUNCTION_TEMP              ; 0                               ; --             ; --                       ; --             ;
; NOMINAL_CORE_SUPPLY_VOLTAGE         ; 1.2V                            ; --             ; --                       ; --             ;
; PARTITION_COLOR                     ; 16764057                        ; --             ; top_counter_verification ; Top            ;
; PARTITION_FITTER_PRESERVATION_LEVEL ; PLACEMENT_AND_ROUTING           ; --             ; top_counter_verification ; Top            ;
; PARTITION_NETLIST_TYPE              ; SOURCE                          ; --             ; top_counter_verification ; Top            ;
; PROJECT_OUTPUT_DIRECTORY            ; output_files                    ; --             ; --                       ; --             ;
; TOP_LEVEL_ENTITY                    ; top_counter_verification        ; pa_synthesizer ; --                       ; --             ;
+-------------------------------------+---------------------------------+----------------+--------------------------+----------------+


+-------------------------------------------------------------------------------------------------------------------------------+
; Flow Elapsed Time                                                                                                             ;
+---------------------------+--------------+-------------------------+---------------------+------------------------------------+
; Module Name               ; Elapsed Time ; Average Processors Used ; Peak Virtual Memory ; Total CPU Time (on all processors) ;
+---------------------------+--------------+-------------------------+---------------------+------------------------------------+
; Analysis & Synthesis      ; 00:00:07     ; 1.0                     ; 571 MB              ; 00:00:06                           ;
; Fitter                    ; 00:00:25     ; 1.3                     ; 1107 MB             ; 00:00:30                           ;
; Assembler                 ; 00:00:02     ; 1.0                     ; 452 MB              ; 00:00:01                           ;
; TimeQuest Timing Analyzer ; 00:00:10     ; 1.0                     ; 605 MB              ; 00:00:09                           ;
; EDA Netlist Writer        ; 00:00:03     ; 1.0                     ; 449 MB              ; 00:00:02                           ;
; Total                     ; 00:00:47     ; --                      ; --                  ; 00:00:48                           ;
+---------------------------+--------------+-------------------------+---------------------+------------------------------------+


+----------------------------------------------------------------------------------------+
; Flow OS Summary                                                                        ;
+---------------------------+------------------+-----------+------------+----------------+
; Module Name               ; Machine Hostname ; OS Name   ; OS Version ; Processor type ;
+---------------------------+------------------+-----------+------------+----------------+
; Analysis & Synthesis      ; katrin_think     ; Windows 7 ; 6.1        ; x86_64         ;
; Fitter                    ; katrin_think     ; Windows 7 ; 6.1        ; x86_64         ;
; Assembler                 ; katrin_think     ; Windows 7 ; 6.1        ; x86_64         ;
; TimeQuest Timing Analyzer ; katrin_think     ; Windows 7 ; 6.1        ; x86_64         ;
; EDA Netlist Writer        ; katrin_think     ; Windows 7 ; 6.1        ; x86_64         ;
+---------------------------+------------------+-----------+------------+----------------+


------------
; Flow Log ;
------------
quartus_map --read_settings_files=on --write_settings_files=off pa_synthesizer -c pa_synthesizer
quartus_fit --read_settings_files=off --write_settings_files=off pa_synthesizer -c pa_synthesizer
quartus_asm --read_settings_files=off --write_settings_files=off pa_synthesizer -c pa_synthesizer
quartus_sta pa_synthesizer -c pa_synthesizer
quartus_eda --read_settings_files=off --write_settings_files=off pa_synthesizer -c pa_synthesizer



